[1002/162736.542:WARNING:resource_util.cc(94)] Please customize CefSettings.root_cache_path for your application. Use of the default value may lead to unintended process singleton behavior.
[1002/162748.963:ERROR:cert_verify_proc_builtin.cc(705)] CertVerifyProcBuiltin for 127.0.0.1 failed:
----- Certificate i=0 (CN=MC12482.uad.ac.uk) -----
ERROR: No matching issuer found


[1002/162748.963:ERROR:ssl_client_socket_impl.cc(975)] handshake failed; returned -1, SSL error code 1, net_error -202
[1002/162750.524:ERROR:ssl_client_socket_impl.cc(975)] handshake failed; returned -1, SSL error code 1, net_error -202
[1002/162750.527:ERROR:ssl_client_socket_impl.cc(975)] handshake failed; returned -1, SSL error code 1, net_error -202
[1002/162750.533:ERROR:ssl_client_socket_impl.cc(975)] handshake failed; returned -1, SSL error code 1, net_error -202
[1002/162750.537:ERROR:ssl_client_socket_impl.cc(975)] handshake failed; returned -1, SSL error code 1, net_error -202
[1002/162750.542:ERROR:ssl_client_socket_impl.cc(975)] handshake failed; returned -1, SSL error code 1, net_error -202
[1002/162750.548:ERROR:ssl_client_socket_impl.cc(975)] handshake failed; returned -1, SSL error code 1, net_error -202
[1002/162750.553:ERROR:ssl_client_socket_impl.cc(975)] handshake failed; returned -1, SSL error code 1, net_error -202
[1002/162750.557:ERROR:ssl_client_socket_impl.cc(975)] handshake failed; returned -1, SSL error code 1, net_error -202
[1002/162750.565:ERROR:ssl_client_socket_impl.cc(975)] handshake failed; returned -1, SSL error code 1, net_error -202
[1002/162750.569:ERROR:ssl_client_socket_impl.cc(975)] handshake failed; returned -1, SSL error code 1, net_error -202
[1002/162750.574:ERROR:ssl_client_socket_impl.cc(975)] handshake failed; returned -1, SSL error code 1, net_error -202
[1002/162750.578:ERROR:ssl_client_socket_impl.cc(975)] handshake failed; returned -1, SSL error code 1, net_error -202
[1002/162750.586:ERROR:ssl_client_socket_impl.cc(975)] handshake failed; returned -1, SSL error code 1, net_error -202
[1002/162750.591:ERROR:ssl_client_socket_impl.cc(975)] handshake failed; returned -1, SSL error code 1, net_error -202
[1002/162750.595:ERROR:ssl_client_socket_impl.cc(975)] handshake failed; returned -1, SSL error code 1, net_error -202
[1002/162750.601:ERROR:ssl_client_socket_impl.cc(975)] handshake failed; returned -1, SSL error code 1, net_error -202
[1002/162750.939:ERROR:ssl_client_socket_impl.cc(975)] handshake failed; returned -1, SSL error code 1, net_error -202
[1002/164422.893:ERROR:dns_config_service.cc(273)] DNS config watch failed.
[1002/164422.893:ERROR:dns_config_service.cc(273)] DNS config watch failed.
[1002/170337.543:ERROR:cert_verify_proc_builtin.cc(705)] CertVerifyProcBuiltin for 127.0.0.1 failed:
----- Certificate i=0 (CN=MC12482.uad.ac.uk) -----
ERROR: No matching issuer found


[1002/170337.543:ERROR:ssl_client_socket_impl.cc(975)] handshake failed; returned -1, SSL error code 1, net_error -202
[1002/170337.546:ERROR:ssl_client_socket_impl.cc(975)] handshake failed; returned -1, SSL error code 1, net_error -202
